<?xml version="1.0" encoding="UTF-8"?>
<!-- Generated by org.testng.reporters.JUnitReportReporter -->
<testsuite hostname="VAIO" failures="0" tests="2" name="com.facebook_loginTest.LoginTest" time="11.363" errors="0" timestamp="2023-01-29T12:30:05 EST" skipped="0">
  <testcase classname="com.facebook_loginTest.LoginTest" name="validLoginTest2" time="4.023"/>
  <system-out/>
  <testcase classname="com.facebook_loginTest.LoginTest" name="validLoginTest1" time="7.340"/>
  <system-out/>
</testsuite> <!-- com.facebook_loginTest.LoginTest -->
