<?xml version="1.0" encoding="UTF-8"?>
<!-- Generated by org.testng.reporters.JUnitReportReporter -->
<testsuite hostname="VAIO" failures="0" tests="1" name="com.facebook.TestNgTest" time="0.000" errors="0" timestamp="2023-01-19T21:14:28 EST" skipped="1">
  <testcase classname="com.facebook.TestNgTest" name="helloTest" time="0.000">
    <skipped/>
  </testcase> <!-- helloTest -->
  <system-out/>
</testsuite> <!-- com.facebook.TestNgTest -->
