<?xml version="1.0" encoding="UTF-8"?>
<!-- Generated by org.testng.reporters.JUnitReportReporter -->
<testsuite hostname="VAIO" failures="0" tests="1" name="com.facebook_loginTest.LoginPageWithVariableTest" time="12.562" errors="0" timestamp="2023-01-26T20:46:13 EST" skipped="0">
  <testcase classname="com.facebook_loginTest.LoginPageWithVariableTest" name="boundaryLoginTest" time="12.562"/>
  <system-out/>
</testsuite> <!-- com.facebook_loginTest.LoginPageWithVariableTest -->
