<?xml version="1.0" encoding="UTF-8"?>
<!-- Generated by org.testng.reporters.JUnitReportReporter -->
<testsuite hostname="VAIO" failures="0" tests="2" name="com.facebook_registrationTest.PageFactoryRegistrationTest" time="27.805" errors="0" timestamp="2023-02-09T22:09:47 EST" skipped="0">
  <testcase classname="com.facebook_registrationTest.PageFactoryRegistrationTest" name="doRegistrationTest" time="12.392"/>
  <system-out/>
  <testcase classname="com.facebook_registrationTest.PageFactoryRegistrationTest" name="xyz" time="15.413"/>
  <system-out/>
</testsuite> <!-- com.facebook_registrationTest.PageFactoryRegistrationTest -->
