<?xml version="1.0" encoding="UTF-8"?>
<!-- Generated by org.testng.reporters.JUnitReportReporter -->
<testsuite hostname="VAIO" failures="0" tests="1" name="com.facebook_Findelements.LoginTest" time="0.550" errors="0" timestamp="2023-01-24T19:05:48 EST" skipped="0">
  <testcase classname="com.facebook_Findelements.LoginTest" name="validLoginTest" time="0.550"/>
  <system-out/>
</testsuite> <!-- com.facebook_Findelements.LoginTest -->
