<?xml version="1.0" encoding="UTF-8"?>
<!-- Generated by org.testng.reporters.JUnitReportReporter -->
<testsuite hostname="VAIO" failures="0" tests="2" name="com.facebook_loginTest.LoginWithMethodSignuture" time="16.970" errors="0" timestamp="2023-01-26T19:54:25 EST" skipped="0">
  <testcase classname="com.facebook_loginTest.LoginWithMethodSignuture" name="positiveLoginTest1" time="7.983"/>
  <system-out/>
  <testcase classname="com.facebook_loginTest.LoginWithMethodSignuture" name="positiveLoginTest" time="8.987"/>
  <system-out/>
</testsuite> <!-- com.facebook_loginTest.LoginWithMethodSignuture -->
